# JRE version: Java(TM) SE Runtime Environment (21.0.9+7) (build 21.0.9+7-LTS-338)
# Java VM: Java HotSpot(TM) 64-Bit Server VM (21.0.9+7-LTS-338, mixed mode, sharing, tiered, compressed oops, compressed class ptrs, g1 gc, windows-amd64)
GC Precious Log:
 CardTable entry size: 512
 Card Set container configuration: InlinePtr #cards 5 size 8 Array Of Cards #cards 12 size 40 Howl #buckets 4 coarsen threshold 1843 Howl Bitmap #cards 512 size 80 coarsen threshold 460 Card regions per heap region 1 cards per card region 2048
 CPUs: 8 total, 8 available
 Memory: 16123M
 Large Page Support: Disabled
 NUMA Support: Disabled
 Compressed Oops: Enabled (32-bit)
 Heap Region Size: 1M
 Heap Min Capacity: 8M
 Heap Initial Capacity: 252M
 Heap Max Capacity: 512M
 Pre-touch: Disabled
 Parallel Workers: 8
 Concurrent Workers: 2
 Concurrent Refinement Workers: 8
 Periodic GC: Disabled
Heap:
 garbage-first heap   total 370688K, used 305423K [0x00000000e0000000, 0x0000000100000000)
  region size 1024K, 93 young (95232K), 11 survivors (11264K)
 Metaspace       used 94748K, committed 96832K, reserved 1179648K
  class space    used 13207K, committed 14272K, reserved 1048576K
GC Heap History (20 events):
Event: 18.339 GC heap before
{Heap before GC invocations=37 (full 0):
 garbage-first heap   total 176128K, used 142225K [0x00000000e0000000, 0x0000000100000000)
  region size 1024K, 44 young (45056K), 3 survivors (3072K)
 Metaspace       used 93455K, committed 95552K, reserved 1179648K
  class space    used 13093K, committed 14144K, reserved 1048576K
}
Event: 18.341 GC heap after
{Heap after GC invocations=38 (full 0):
 garbage-first heap   total 176128K, used 102394K [0x00000000e0000000, 0x0000000100000000)
  region size 1024K, 4 young (4096K), 4 survivors (4096K)
 Metaspace       used 93455K, committed 95552K, reserved 1179648K
  class space    used 13093K, committed 14144K, reserved 1048576K
}
Event: 18.806 GC heap before
{Heap before GC invocations=38 (full 0):
 garbage-first heap   total 176128K, used 159738K [0x00000000e0000000, 0x0000000100000000)
  region size 1024K, 61 young (62464K), 4 survivors (4096K)
 Metaspace       used 93910K, committed 96064K, reserved 1179648K
  class space    used 13133K, committed 14208K, reserved 1048576K
}
Event: 18.813 GC heap after
{Heap after GC invocations=39 (full 0):
 garbage-first heap   total 176128K, used 104858K [0x00000000e0000000, 0x0000000100000000)
  region size 1024K, 7 young (7168K), 7 survivors (7168K)
 Metaspace       used 93910K, committed 96064K, reserved 1179648K
  class space    used 13133K, committed 14208K, reserved 1048576K
}
Event: 19.031 GC heap before
{Heap before GC invocations=39 (full 0):
 garbage-first heap   total 176128K, used 156058K [0x00000000e0000000, 0x0000000100000000)
  region size 1024K, 58 young (59392K), 7 survivors (7168K)
 Metaspace       used 93970K, committed 96128K, reserved 1179648K
  class space    used 13138K, committed 14208K, reserved 1048576K
}
Event: 19.039 GC heap after
{Heap after GC invocations=40 (full 0):
 garbage-first heap   total 176128K, used 106464K [0x00000000e0000000, 0x0000000100000000)
  region size 1024K, 5 young (5120K), 5 survivors (5120K)
 Metaspace       used 93970K, committed 96128K, reserved 1179648K
  class space    used 13138K, committed 14208K, reserved 1048576K
}
Event: 19.293 GC heap before
{Heap before GC invocations=41 (full 0):
 garbage-first heap   total 274432K, used 272352K [0x00000000e0000000, 0x0000000100000000)
  region size 1024K, 41 young (41984K), 5 survivors (5120K)
 Metaspace       used 94214K, committed 96320K, reserved 1179648K
  class space    used 13166K, committed 14208K, reserved 1048576K
}
Event: 19.299 GC heap after
{Heap after GC invocations=42 (full 0):
 garbage-first heap   total 282624K, used 221919K [0x00000000e0000000, 0x0000000100000000)
  region size 1024K, 5 young (5120K), 5 survivors (5120K)
 Metaspace       used 94214K, committed 96320K, reserved 1179648K
  class space    used 13166K, committed 14208K, reserved 1048576K
}
Event: 19.341 GC heap before
{Heap before GC invocations=42 (full 0):
 garbage-first heap   total 282624K, used 259807K [0x00000000e0000000, 0x0000000100000000)
  region size 1024K, 43 young (44032K), 5 survivors (5120K)
 Metaspace       used 94378K, committed 96448K, reserved 1179648K
  class space    used 13180K, committed 14208K, reserved 1048576K
}
Event: 19.344 GC heap after
{Heap after GC invocations=43 (full 0):
 garbage-first heap   total 282624K, used 227886K [0x00000000e0000000, 0x0000000100000000)
  region size 1024K, 6 young (6144K), 6 survivors (6144K)
 Metaspace       used 94378K, committed 96448K, reserved 1179648K
  class space    used 13180K, committed 14208K, reserved 1048576K
}
Event: 19.347 GC heap before
{Heap before GC invocations=43 (full 0):
 garbage-first heap   total 282624K, used 230958K [0x00000000e0000000, 0x0000000100000000)
  region size 1024K, 11 young (11264K), 6 survivors (6144K)
 Metaspace       used 94423K, committed 96512K, reserved 1179648K
  class space    used 13189K, committed 14208K, reserved 1048576K
}
Event: 19.350 GC heap after
{Heap after GC invocations=44 (full 0):
 garbage-first heap   total 282624K, used 203677K [0x00000000e0000000, 0x0000000100000000)
  region size 1024K, 2 young (2048K), 2 survivors (2048K)
 Metaspace       used 94423K, committed 96512K, reserved 1179648K
  class space    used 13189K, committed 14208K, reserved 1048576K
}
Event: 19.422 GC heap before
{Heap before GC invocations=44 (full 0):
 garbage-first heap   total 282624K, used 262045K [0x00000000e0000000, 0x0000000100000000)
  region size 1024K, 58 young (59392K), 2 survivors (2048K)
 Metaspace       used 94612K, committed 96768K, reserved 1179648K
  class space    used 13197K, committed 14272K, reserved 1048576K
}
Event: 19.425 GC heap after
{Heap after GC invocations=45 (full 0):
 garbage-first heap   total 282624K, used 210889K [0x00000000e0000000, 0x0000000100000000)
  region size 1024K, 8 young (8192K), 8 survivors (8192K)
 Metaspace       used 94612K, committed 96768K, reserved 1179648K
  class space    used 13197K, committed 14272K, reserved 1048576K
}
Event: 19.521 GC heap before
{Heap before GC invocations=46 (full 0):
 garbage-first heap   total 370688K, used 253897K [0x00000000e0000000, 0x0000000100000000)
  region size 1024K, 51 young (52224K), 8 survivors (8192K)
 Metaspace       used 94691K, committed 96832K, reserved 1179648K
  class space    used 13201K, committed 14272K, reserved 1048576K
}
Event: 19.523 GC heap after
{Heap after GC invocations=47 (full 0):
 garbage-first heap   total 370688K, used 212413K [0x00000000e0000000, 0x0000000100000000)
  region size 1024K, 1 young (1024K), 1 survivors (1024K)
 Metaspace       used 94691K, committed 96832K, reserved 1179648K
  class space    used 13201K, committed 14272K, reserved 1048576K
}
Event: 19.665 GC heap before
{Heap before GC invocations=47 (full 0):
 garbage-first heap   total 370688K, used 339389K [0x00000000e0000000, 0x0000000100000000)
  region size 1024K, 121 young (123904K), 1 survivors (1024K)
 Metaspace       used 94729K, committed 96832K, reserved 1179648K
  class space    used 13207K, committed 14272K, reserved 1048576K
}
Event: 19.668 GC heap after
{Heap after GC invocations=48 (full 0):
 garbage-first heap   total 370688K, used 218874K [0x00000000e0000000, 0x0000000100000000)
  region size 1024K, 8 young (8192K), 8 survivors (8192K)
 Metaspace       used 94729K, committed 96832K, reserved 1179648K
  class space    used 13207K, committed 14272K, reserved 1048576K
}
Event: 19.792 GC heap before
{Heap before GC invocations=48 (full 0):
 garbage-first heap   total 370688K, used 332538K [0x00000000e0000000, 0x0000000100000000)
  region size 1024K, 121 young (123904K), 8 survivors (8192K)
 Metaspace       used 94747K, committed 96832K, reserved 1179648K
  class space    used 13207K, committed 14272K, reserved 1048576K
}
Event: 19.795 GC heap after
{Heap after GC invocations=49 (full 0):
 garbage-first heap   total 370688K, used 221455K [0x00000000e0000000, 0x0000000100000000)
  region size 1024K, 11 young (11264K), 11 survivors (11264K)
 Metaspace       used 94747K, committed 96832K, reserved 1179648K
  class space    used 13207K, committed 14272K, reserved 1048576K
}

